<?xml version="1.0" encoding="UTF-8"?>
<testsuite xmlns:xsi="http://www.w3.org/2001/XMLSchema-instance" xsi:schemaLocation="https://maven.apache.org/surefire/maven-surefire-plugin/xsd/surefire-test-report.xsd" name="MULE_EE.4.3.0.PostUploadCsvUpdateLogWithCsvDataOperationTest" time="0.0" failures="0" errors="1" skipped="0" tests="1">
  <properties>
    <property key="sun.desktop" value="windows"/>
    <property key="awt.toolkit" value="sun.awt.windows.WToolkit"/>
    <property key="mule.forceExtensionValidation" value="false"/>
    <property key="java.specification.version" value="11"/>
    <property key="sun.cpu.isalist" value="amd64"/>
    <property key="sun.jnu.encoding" value="Cp1252"/>
    <property key="java.class.path" value="C:\Program Files\Maven\apache-maven-3.8.6\boot\plexus-classworlds-2.6.0.jar"/>
    <property key="java.vm.vendor" value="Amazon.com Inc."/>
    <property key="sun.arch.data.model" value="64"/>
    <property key="user.variant" value=""/>
    <property key="java.vendor.url" value="https://aws.amazon.com/corretto/"/>
    <property key="user.timezone" value="America/New_York"/>
    <property key="maven.conf" value="C:\Program Files\Maven\apache-maven-3.8.6/conf"/>
    <property key="os.name" value="Windows 10"/>
    <property key="java.vm.specification.version" value="11"/>
    <property key="sun.java.launcher" value="SUN_STANDARD"/>
    <property key="user.country" value="CA"/>
    <property key="sun.boot.library.path" value="C:\Program Files\Amazon Corretto\jdk11.0.16_9\bin"/>
    <property key="sun.java.command" value="org.codehaus.plexus.classworlds.launcher.Launcher install"/>
    <property key="jdk.debug" value="release"/>
    <property key="maven.home" value="C:\Program Files\Maven\apache-maven-3.8.6"/>
    <property key="sun.cpu.endian" value="little"/>
    <property key="user.home" value="C:\Users\soren"/>
    <property key="user.language" value="en"/>
    <property key="sun.stderr.encoding" value="cp437"/>
    <property key="java.specification.vendor" value="Oracle Corporation"/>
    <property key="java.version.date" value="2022-08-12"/>
    <property key="java.home" value="C:\Program Files\Amazon Corretto\jdk11.0.16_9"/>
    <property key="file.separator" value="\"/>
    <property key="java.vm.compressedOopsMode" value="Zero based"/>
    <property key="line.separator" value="&#xd;&#xa;"/>
    <property key="sun.stdout.encoding" value="cp437"/>
    <property key="java.specification.name" value="Java Platform API Specification"/>
    <property key="java.vm.specification.vendor" value="Oracle Corporation"/>
    <property key="java.awt.graphicsenv" value="sun.awt.Win32GraphicsEnvironment"/>
    <property key="user.script" value=""/>
    <property key="sun.management.compiler" value="HotSpot 64-Bit Tiered Compilers"/>
    <property key="java.runtime.version" value="11.0.16.1+9-LTS"/>
    <property key="user.name" value="soren"/>
    <property key="java.net.preferIPv4Stack" value="true"/>
    <property key="path.separator" value=";"/>
    <property key="os.version" value="10.0"/>
    <property key="java.runtime.name" value="OpenJDK Runtime Environment"/>
    <property key="file.encoding" value="Cp1252"/>
    <property key="guice.disable.misplaced.annotation.check" value="true"/>
    <property key="java.vm.name" value="OpenJDK 64-Bit Server VM"/>
    <property key="exportedPackagesValidator.skip" value="false"/>
    <property key="java.vendor.version" value="Corretto-11.0.16.9.1"/>
    <property key="java.vendor.url.bug" value="https://github.com/corretto/corretto-11/issues/"/>
    <property key="java.io.tmpdir" value="C:\Users\soren\AppData\Local\Temp\"/>
    <property key="java.version" value="11.0.16.1"/>
    <property key="user.dir" value="C:\Repos\mindzieWeb\Api\MulesoftConnector\FinalConnector\MindzieApi"/>
    <property key="os.arch" value="amd64"/>
    <property key="maven.multiModuleProjectDirectory" value="C:\Repos\mindzieWeb\Api\MulesoftConnector\FinalConnector\MindzieApi"/>
    <property key="java.vm.specification.name" value="Java Virtual Machine Specification"/>
    <property key="java.awt.printerjob" value="sun.awt.windows.WPrinterJob"/>
    <property key="sun.os.patch.level" value=""/>
    <property key="java.library.path" value="C:\Program Files\Amazon Corretto\jdk11.0.16_9\bin;C:\Windows\Sun\Java\bin;C:\Windows\system32;C:\Windows;C:\Program Files\Microsoft\jdk-11.0.12.7-hotspot\bin;C:\Program Files (x86)\Common Files\Oracle\Java\javapath;C:\Program Files\Amazon Corretto\jdk11.0.16_9\bin;C:\Program Files\Amazon Corretto\jdk1.8.0_342\bin;C:\Users\soren\Downloads\WINDOWS.X64_193000_db_home\bin;C:\Windows\system32;C:\Windows;C:\Windows\System32\Wbem;C:\Windows\System32\WindowsPowerShell\v1.0\;C:\Windows\System32\OpenSSH\;C:\Program Files\Microsoft SQL Server\130\Tools\Binn\;C:\Program Files\Microsoft SQL Server\Client SDK\ODBC\170\Tools\Binn\;C:\Program Files (x86)\Microsoft SQL Server\150\Tools\Binn\;C:\Program Files\Microsoft SQL Server\150\Tools\Binn\;C:\Program Files\Microsoft SQL Server\150\DTS\Binn\;C:\Program Files (x86)\Microsoft SQL Server\150\DTS\Binn\;C:\Program Files\dotnet\;C:\Program Files\Git\cmd;C:\Program Files\Azure Data Studio\bin;C:\Program Files\Microsoft SQL Server\140\Tools\Binn\;C:\Program Files\nodejs\;C:\Program Files\LINQPad7;C:\Program Files (x86)\Windows Kits\10\Windows Performance Toolkit\;C:\Program Files (x86)\Microsoft SQL Server\160\Tools\Binn\;C:\Program Files\Microsoft SQL Server\160\Tools\Binn\;C:\Program Files\Microsoft SQL Server\160\DTS\Binn\;C:\Users\soren\.dnx\bin;C:\Program Files\Microsoft DNX\Dnvm\;C:\Users\soren\AppData\Local\Microsoft\WindowsApps;C:\Users\soren\.dotnet\tools;C:\Users\soren\AppData\Local\Programs\Microsoft VS Code\bin;C:\Users\soren\AppData\Roaming\npm;C:\Program Files\Maven\apache-maven-3.8.6\bin;C:\Users\soren\AppData\Local\GitHubDesktop\bin;C:\Users\soren\AppData\Local\Markdown Monster;C:\Users\soren\.dotnet\tools;."/>
    <property key="java.vm.info" value="mixed mode"/>
    <property key="java.vendor" value="Amazon.com Inc."/>
    <property key="java.vm.version" value="11.0.16.1+9-LTS"/>
    <property key="classworlds.conf" value="C:\Program Files\Maven\apache-maven-3.8.6\bin\m2.conf"/>
    <property key="sun.io.unicode.encoding" value="UnicodeLittle"/>
    <property key="library.jansi.path" value="C:\Program Files\Maven\apache-maven-3.8.6\lib\jansi-native"/>
    <property key="java.class.version" value="55.0"/>
    <property key="exportedPackagesValidator.strictValidation" value="false"/>
    <property key="munit.system.properties.file" value="C:\Repos\mindzieWeb\Api\MulesoftConnector\FinalConnector\MindzieApi\target\user.system.properties"/>
    <property key="org.glassfish.grizzly.DEFAULT_MEMORY_MANAGER" value="org.glassfish.grizzly.memory.HeapMemoryManager"/>
  </properties>
  <testcase time="0.0" name="PostUploadCsvUpdateLogWithCsvDataOperationTest.xml" classname="MULE_EE.4.3.0.PostUploadCsvUpdateLogWithCsvDataOperationTest">
    <error>java.lang.IllegalStateException: Cannot start embedded container&#xd;
	at org.mule.runtime.module.embedded.internal.DefaultEmbeddedContainerBuilder$1.start(DefaultEmbeddedContainerBuilder.java:171)&#xd;
	at org.mule.munit.remote.container.EmbeddedContainer.start(EmbeddedContainer.java:93)&#xd;
	at org.mule.munit.remote.container.ContainerSuiteRunDispatcher.runSuites(ContainerSuiteRunDispatcher.java:142)&#xd;
	at org.mule.munit.remote.RemoteRunner.run(RemoteRunner.java:85)&#xd;
	at org.mule.munit.remote.RemoteRunner.main(RemoteRunner.java:67)&#xd;
Caused by: java.lang.IllegalArgumentException: Could not find embedded container bom artifact&#xd;
	at org.mule.runtime.module.embedded.internal.MavenContainerClassLoaderFactory.create(MavenContainerClassLoaderFactory.java:83)&#xd;
	at org.mule.runtime.module.embedded.internal.DefaultEmbeddedContainerBuilder$1.start(DefaultEmbeddedContainerBuilder.java:148)&#xd;
	... 4 more&#xd;
Caused by: org.mule.maven.client.api.BundleDependenciesResolutionException: org.eclipse.aether.resolution.ArtifactDescriptorException: Failed to read artifact descriptor for com.mulesoft.mule.distributions:mule-runtime-impl-bom:pom:4.3.0&#xd;
	at org.mule.maven.client.internal.AetherMavenClient.resolveBundleDescriptorDependencies(AetherMavenClient.java:312)&#xd;
	at org.mule.maven.client.internal.AetherMavenClient.resolveBundleDescriptorDependencies(AetherMavenClient.java:278)&#xd;
	at org.mule.runtime.module.embedded.internal.MavenContainerClassLoaderFactory.create(MavenContainerClassLoaderFactory.java:55)&#xd;
	... 5 more&#xd;
Caused by: org.eclipse.aether.resolution.ArtifactDescriptorException: Failed to read artifact descriptor for com.mulesoft.mule.distributions:mule-runtime-impl-bom:pom:4.3.0&#xd;
	at org.apache.maven.repository.internal.DefaultArtifactDescriptorReader.loadPom(DefaultArtifactDescriptorReader.java:282)&#xd;
	at org.apache.maven.repository.internal.DefaultArtifactDescriptorReader.readArtifactDescriptor(DefaultArtifactDescriptorReader.java:198)&#xd;
	at org.eclipse.aether.internal.impl.DefaultRepositorySystem.readArtifactDescriptor(DefaultRepositorySystem.java:287)&#xd;
	at org.mule.maven.client.internal.AetherMavenClient.resolveBundleDescriptorDependencies(AetherMavenClient.java:290)&#xd;
	... 7 more&#xd;
Caused by: org.eclipse.aether.resolution.ArtifactResolutionException: Could not find artifact com.mulesoft.mule.distributions:mule-runtime-impl-bom:pom:4.3.0 in maven-central (https://repo.maven.apache.org/maven2/)&#xd;
	at org.eclipse.aether.internal.impl.DefaultArtifactResolver.resolve(DefaultArtifactResolver.java:444)&#xd;
	at org.eclipse.aether.internal.impl.DefaultArtifactResolver.resolveArtifacts(DefaultArtifactResolver.java:246)&#xd;
	at org.eclipse.aether.internal.impl.DefaultArtifactResolver.resolveArtifact(DefaultArtifactResolver.java:223)&#xd;
	at org.apache.maven.repository.internal.DefaultArtifactDescriptorReader.loadPom(DefaultArtifactDescriptorReader.java:267)&#xd;
	... 10 more&#xd;
Caused by: org.eclipse.aether.transfer.ArtifactNotFoundException: Could not find artifact com.mulesoft.mule.distributions:mule-runtime-impl-bom:pom:4.3.0 in maven-central (https://repo.maven.apache.org/maven2/)&#xd;
	at org.eclipse.aether.connector.basic.ArtifactTransportListener.transferFailed(ArtifactTransportListener.java:39)&#xd;
	at org.eclipse.aether.connector.basic.BasicRepositoryConnector$TaskRunner.run(BasicRepositoryConnector.java:355)&#xd;
	at org.eclipse.aether.util.concurrency.RunnableErrorForwarder$1.run(RunnableErrorForwarder.java:67)&#xd;
	at org.eclipse.aether.connector.basic.BasicRepositoryConnector$DirectExecutor.execute(BasicRepositoryConnector.java:581)&#xd;
	at org.eclipse.aether.connector.basic.BasicRepositoryConnector.get(BasicRepositoryConnector.java:249)&#xd;
	at org.eclipse.aether.internal.impl.DefaultArtifactResolver.performDownloads(DefaultArtifactResolver.java:520)&#xd;
	at org.eclipse.aether.internal.impl.DefaultArtifactResolver.resolve(DefaultArtifactResolver.java:421)&#xd;
	... 13 more&#xd;
</error>
  </testcase>
</testsuite>